2018-12-11 12:26:31,995 - resources.Blero.helpers - DEBUG -                 state                        ...                                                                     seller
949  Distrito Federal                        ...                           Inmobiliaria LCHOMEREALESTATELCHOMER - Inmuebles
856  Distrito Federal                        ...                           Inmobiliaria LCHOMEREALESTATELCHOMER - Inmuebles
855  Distrito Federal                        ...                                          Inmobiliaria GUIZARMX - Inmuebles
854  Distrito Federal                        ...                                                                           
853  Distrito Federal                        ...                                                                           
852  Distrito Federal                        ...                                    Inmobiliaria OFICINAREMAXSI - Inmuebles
851  Distrito Federal                        ...                          Inmobiliaria CAMACHOBIENESRAICESSADECV - Inmue...
857  Distrito Federal                        ...                                                                           
850  Distrito Federal                        ...                                         Inmobiliaria CARLOS-LP - Inmuebles
848  Distrito Federal                        ...                                                                           
847  Distrito Federal                        ...                                    Inmobiliaria FINDERS_MEXICO - Inmuebles
846  Distrito Federal                        ...                           Inmobiliaria LICMARTHASBARANDALICMAR - Inmuebles
845  Distrito Federal                        ...                                  Inmobiliaria MAASINMOBILIARIA - Inmuebles
844  Distrito Federal                        ...                                   Inmobiliaria MANHATTAN GROUP - Inmuebles
843  Distrito Federal                        ...                           Inmobiliaria LICMARTHASBARANDALICMAR - Inmuebles
849  Distrito Federal                        ...                                   Inmobiliaria MANHATTAN GROUP - Inmuebles
842  Distrito Federal                        ...                                      Inmobiliaria LIAISON INMO - Inmuebles
858  Distrito Federal                        ...                           Inmobiliaria LICMARTHASBARANDALICMAR - Inmuebles
860  Distrito Federal                        ...                           Inmobiliaria LICMARTHASBARANDALICMAR - Inmuebles
874  Distrito Federal                        ...                                        Inmobiliaria GUMA883458 - Inmuebles
873  Distrito Federal                        ...                                       Inmobiliaria JOJO7068003 - Inmuebles
872  Distrito Federal                        ...                                                                           
871  Distrito Federal                        ...                                                                           
870  Distrito Federal                        ...                                 Inmobiliaria EDUARDORIVASMATOS - Inmuebles
869  Distrito Federal                        ...                                                                           
859  Distrito Federal                        ...                                                                           
868  Distrito Federal                        ...                                Inmobiliaria BRIDGEPOINT MEXICO - Inmuebles
866  Distrito Federal                        ...                           Inmobiliaria LICMARTHASBARANDALICMAR - Inmuebles
865  Distrito Federal                        ...                                                                           
864  Distrito Federal                        ...                                    Inmobiliaria OFICINAREMAXSI - Inmuebles
..                ...                        ...                                                                        ...
889  Distrito Federal                        ...                                       Inmobiliaria JOJO7068003 - Inmuebles
888  Distrito Federal                        ...                                                                           
887  Distrito Federal                        ...                                                                           
913  Distrito Federal                        ...                                                                           
885  Distrito Federal                        ...                                                                           
884  Distrito Federal                        ...                                         Inmobiliaria EVA CASSO - Inmuebles
883  Distrito Federal                        ...                                         Inmobiliaria PEJO76574 - Inmuebles
882  Distrito Federal                        ...                                                                           
881  Distrito Federal                        ...                             Inmobiliaria MARTINEZVARGASMARYPAZ - Inmuebles
880  Distrito Federal                        ...                                         Inmobiliaria PEJO76574 - Inmuebles
879  Distrito Federal                        ...                           Inmobiliaria LICMARTHASBARANDALICMAR - Inmuebles
894  Distrito Federal                        ...                                          Inmobiliaria ADKWORLD - Inmuebles
895  Distrito Federal                        ...                                                                           
886  Distrito Federal                        ...                                    Inmobiliaria SARA GOLDHABER - Inmuebles
897  Distrito Federal                        ...                               Inmobiliaria INMOBILIARIA TOKANI - Inmuebles
896  Distrito Federal                        ...                                         Inmobiliaria EVA CASSO - Inmuebles
911  Distrito Federal                        ...                                    Inmobiliaria OFICINAREMAXSI - Inmuebles
910  Distrito Federal                        ...                                    Inmobiliaria OFICINAREMAXSI - Inmuebles
909  Distrito Federal                        ...                                    Inmobiliaria OFICINAREMAXSI - Inmuebles
907  Distrito Federal                        ...                                           Inmobiliaria DOMHAUS - Inmuebles
906  Distrito Federal                        ...                                    Inmobiliaria OFICINAREMAXSI - Inmuebles
905  Distrito Federal                        ...                                                                           
908  Distrito Federal                        ...                                Inmobiliaria ZONA04INMOBILIARIA - Inmuebles
903  Distrito Federal                        ...                                          Inmobiliaria ADKWORLD - Inmuebles
902  Distrito Federal                        ...                                          Inmobiliaria ADKWORLD - Inmuebles
901  Distrito Federal                        ...                                          Inmobiliaria ADKWORLD - Inmuebles
900  Distrito Federal                        ...                                          Inmobiliaria ADKWORLD - Inmuebles
899  Distrito Federal                        ...                                                                           
898  Distrito Federal                        ...                                          Inmobiliaria ADKWORLD - Inmuebles
904  Distrito Federal                        ...                                          Inmobiliaria ADKWORLD - Inmuebles

[143 rows x 8 columns]
2018-12-11 12:26:35,719 - resources.Blero.helpers - DEBUG -                 state                        ...                                                                     seller
949  Distrito Federal                        ...                           Inmobiliaria LCHOMEREALESTATELCHOMER - Inmuebles
856  Distrito Federal                        ...                           Inmobiliaria LCHOMEREALESTATELCHOMER - Inmuebles
855  Distrito Federal                        ...                                          Inmobiliaria GUIZARMX - Inmuebles
854  Distrito Federal                        ...                                                                           
853  Distrito Federal                        ...                                                                           
852  Distrito Federal                        ...                                    Inmobiliaria OFICINAREMAXSI - Inmuebles
851  Distrito Federal                        ...                          Inmobiliaria CAMACHOBIENESRAICESSADECV - Inmue...
857  Distrito Federal                        ...                                                                           
850  Distrito Federal                        ...                                         Inmobiliaria CARLOS-LP - Inmuebles
848  Distrito Federal                        ...                                                                           
847  Distrito Federal                        ...                                    Inmobiliaria FINDERS_MEXICO - Inmuebles
846  Distrito Federal                        ...                           Inmobiliaria LICMARTHASBARANDALICMAR - Inmuebles
845  Distrito Federal                        ...                                  Inmobiliaria MAASINMOBILIARIA - Inmuebles
844  Distrito Federal                        ...                                   Inmobiliaria MANHATTAN GROUP - Inmuebles
843  Distrito Federal                        ...                           Inmobiliaria LICMARTHASBARANDALICMAR - Inmuebles
849  Distrito Federal                        ...                                   Inmobiliaria MANHATTAN GROUP - Inmuebles
842  Distrito Federal                        ...                                      Inmobiliaria LIAISON INMO - Inmuebles
858  Distrito Federal                        ...                           Inmobiliaria LICMARTHASBARANDALICMAR - Inmuebles
860  Distrito Federal                        ...                           Inmobiliaria LICMARTHASBARANDALICMAR - Inmuebles
874  Distrito Federal                        ...                                        Inmobiliaria GUMA883458 - Inmuebles
873  Distrito Federal                        ...                                       Inmobiliaria JOJO7068003 - Inmuebles
872  Distrito Federal                        ...                                                                           
871  Distrito Federal                        ...                                                                           
870  Distrito Federal                        ...                                 Inmobiliaria EDUARDORIVASMATOS - Inmuebles
869  Distrito Federal                        ...                                                                           
859  Distrito Federal                        ...                                                                           
868  Distrito Federal                        ...                                Inmobiliaria BRIDGEPOINT MEXICO - Inmuebles
866  Distrito Federal                        ...                           Inmobiliaria LICMARTHASBARANDALICMAR - Inmuebles
865  Distrito Federal                        ...                                                                           
864  Distrito Federal                        ...                                    Inmobiliaria OFICINAREMAXSI - Inmuebles
..                ...                        ...                                                                        ...
889  Distrito Federal                        ...                                       Inmobiliaria JOJO7068003 - Inmuebles
888  Distrito Federal                        ...                                                                           
887  Distrito Federal                        ...                                                                           
913  Distrito Federal                        ...                                                                           
885  Distrito Federal                        ...                                                                           
884  Distrito Federal                        ...                                         Inmobiliaria EVA CASSO - Inmuebles
883  Distrito Federal                        ...                                         Inmobiliaria PEJO76574 - Inmuebles
882  Distrito Federal                        ...                                                                           
881  Distrito Federal                        ...                             Inmobiliaria MARTINEZVARGASMARYPAZ - Inmuebles
880  Distrito Federal                        ...                                         Inmobiliaria PEJO76574 - Inmuebles
879  Distrito Federal                        ...                           Inmobiliaria LICMARTHASBARANDALICMAR - Inmuebles
894  Distrito Federal                        ...                                          Inmobiliaria ADKWORLD - Inmuebles
895  Distrito Federal                        ...                                                                           
886  Distrito Federal                        ...                                    Inmobiliaria SARA GOLDHABER - Inmuebles
897  Distrito Federal                        ...                               Inmobiliaria INMOBILIARIA TOKANI - Inmuebles
896  Distrito Federal                        ...                                         Inmobiliaria EVA CASSO - Inmuebles
911  Distrito Federal                        ...                                    Inmobiliaria OFICINAREMAXSI - Inmuebles
910  Distrito Federal                        ...                                    Inmobiliaria OFICINAREMAXSI - Inmuebles
909  Distrito Federal                        ...                                    Inmobiliaria OFICINAREMAXSI - Inmuebles
907  Distrito Federal                        ...                                           Inmobiliaria DOMHAUS - Inmuebles
906  Distrito Federal                        ...                                    Inmobiliaria OFICINAREMAXSI - Inmuebles
905  Distrito Federal                        ...                                                                           
908  Distrito Federal                        ...                                Inmobiliaria ZONA04INMOBILIARIA - Inmuebles
903  Distrito Federal                        ...                                          Inmobiliaria ADKWORLD - Inmuebles
902  Distrito Federal                        ...                                          Inmobiliaria ADKWORLD - Inmuebles
901  Distrito Federal                        ...                                          Inmobiliaria ADKWORLD - Inmuebles
900  Distrito Federal                        ...                                          Inmobiliaria ADKWORLD - Inmuebles
899  Distrito Federal                        ...                                                                           
898  Distrito Federal                        ...                                          Inmobiliaria ADKWORLD - Inmuebles
904  Distrito Federal                        ...                                          Inmobiliaria ADKWORLD - Inmuebles

[143 rows x 8 columns]
2018-12-11 12:26:35,719 - resources.Blero.helpers - DEBUG -                 state                        ...                                                                     seller
949  Distrito Federal                        ...                           Inmobiliaria LCHOMEREALESTATELCHOMER - Inmuebles
856  Distrito Federal                        ...                           Inmobiliaria LCHOMEREALESTATELCHOMER - Inmuebles
855  Distrito Federal                        ...                                          Inmobiliaria GUIZARMX - Inmuebles
854  Distrito Federal                        ...                                                                           
853  Distrito Federal                        ...                                                                           
852  Distrito Federal                        ...                                    Inmobiliaria OFICINAREMAXSI - Inmuebles
851  Distrito Federal                        ...                          Inmobiliaria CAMACHOBIENESRAICESSADECV - Inmue...
857  Distrito Federal                        ...                                                                           
850  Distrito Federal                        ...                                         Inmobiliaria CARLOS-LP - Inmuebles
848  Distrito Federal                        ...                                                                           
847  Distrito Federal                        ...                                    Inmobiliaria FINDERS_MEXICO - Inmuebles
846  Distrito Federal                        ...                           Inmobiliaria LICMARTHASBARANDALICMAR - Inmuebles
845  Distrito Federal                        ...                                  Inmobiliaria MAASINMOBILIARIA - Inmuebles
844  Distrito Federal                        ...                                   Inmobiliaria MANHATTAN GROUP - Inmuebles
843  Distrito Federal                        ...                           Inmobiliaria LICMARTHASBARANDALICMAR - Inmuebles
849  Distrito Federal                        ...                                   Inmobiliaria MANHATTAN GROUP - Inmuebles
842  Distrito Federal                        ...                                      Inmobiliaria LIAISON INMO - Inmuebles
858  Distrito Federal                        ...                           Inmobiliaria LICMARTHASBARANDALICMAR - Inmuebles
860  Distrito Federal                        ...                           Inmobiliaria LICMARTHASBARANDALICMAR - Inmuebles
874  Distrito Federal                        ...                                        Inmobiliaria GUMA883458 - Inmuebles
873  Distrito Federal                        ...                                       Inmobiliaria JOJO7068003 - Inmuebles
872  Distrito Federal                        ...                                                                           
871  Distrito Federal                        ...                                                                           
870  Distrito Federal                        ...                                 Inmobiliaria EDUARDORIVASMATOS - Inmuebles
869  Distrito Federal                        ...                                                                           
859  Distrito Federal                        ...                                                                           
868  Distrito Federal                        ...                                Inmobiliaria BRIDGEPOINT MEXICO - Inmuebles
866  Distrito Federal                        ...                           Inmobiliaria LICMARTHASBARANDALICMAR - Inmuebles
865  Distrito Federal                        ...                                                                           
864  Distrito Federal                        ...                                    Inmobiliaria OFICINAREMAXSI - Inmuebles
..                ...                        ...                                                                        ...
889  Distrito Federal                        ...                                       Inmobiliaria JOJO7068003 - Inmuebles
888  Distrito Federal                        ...                                                                           
887  Distrito Federal                        ...                                                                           
913  Distrito Federal                        ...                                                                           
885  Distrito Federal                        ...                                                                           
884  Distrito Federal                        ...                                         Inmobiliaria EVA CASSO - Inmuebles
883  Distrito Federal                        ...                                         Inmobiliaria PEJO76574 - Inmuebles
882  Distrito Federal                        ...                                                                           
881  Distrito Federal                        ...                             Inmobiliaria MARTINEZVARGASMARYPAZ - Inmuebles
880  Distrito Federal                        ...                                         Inmobiliaria PEJO76574 - Inmuebles
879  Distrito Federal                        ...                           Inmobiliaria LICMARTHASBARANDALICMAR - Inmuebles
894  Distrito Federal                        ...                                          Inmobiliaria ADKWORLD - Inmuebles
895  Distrito Federal                        ...                                                                           
886  Distrito Federal                        ...                                    Inmobiliaria SARA GOLDHABER - Inmuebles
897  Distrito Federal                        ...                               Inmobiliaria INMOBILIARIA TOKANI - Inmuebles
896  Distrito Federal                        ...                                         Inmobiliaria EVA CASSO - Inmuebles
911  Distrito Federal                        ...                                    Inmobiliaria OFICINAREMAXSI - Inmuebles
910  Distrito Federal                        ...                                    Inmobiliaria OFICINAREMAXSI - Inmuebles
909  Distrito Federal                        ...                                    Inmobiliaria OFICINAREMAXSI - Inmuebles
907  Distrito Federal                        ...                                           Inmobiliaria DOMHAUS - Inmuebles
906  Distrito Federal                        ...                                    Inmobiliaria OFICINAREMAXSI - Inmuebles
905  Distrito Federal                        ...                                                                           
908  Distrito Federal                        ...                                Inmobiliaria ZONA04INMOBILIARIA - Inmuebles
903  Distrito Federal                        ...                                          Inmobiliaria ADKWORLD - Inmuebles
902  Distrito Federal                        ...                                          Inmobiliaria ADKWORLD - Inmuebles
901  Distrito Federal                        ...                                          Inmobiliaria ADKWORLD - Inmuebles
900  Distrito Federal                        ...                                          Inmobiliaria ADKWORLD - Inmuebles
899  Distrito Federal                        ...                                                                           
898  Distrito Federal                        ...                                          Inmobiliaria ADKWORLD - Inmuebles
904  Distrito Federal                        ...                                          Inmobiliaria ADKWORLD - Inmuebles

[143 rows x 8 columns]
2018-12-11 12:27:14,669 - resources.Blero.helpers - DEBUG -                 state                        ...                                                                     seller
949  Distrito Federal                        ...                           Inmobiliaria LCHOMEREALESTATELCHOMER - Inmuebles
856  Distrito Federal                        ...                           Inmobiliaria LCHOMEREALESTATELCHOMER - Inmuebles
855  Distrito Federal                        ...                                          Inmobiliaria GUIZARMX - Inmuebles
854  Distrito Federal                        ...                                                                           
853  Distrito Federal                        ...                                                                           
852  Distrito Federal                        ...                                    Inmobiliaria OFICINAREMAXSI - Inmuebles
851  Distrito Federal                        ...                          Inmobiliaria CAMACHOBIENESRAICESSADECV - Inmue...
857  Distrito Federal                        ...                                                                           
850  Distrito Federal                        ...                                         Inmobiliaria CARLOS-LP - Inmuebles
848  Distrito Federal                        ...                                                                           
847  Distrito Federal                        ...                                    Inmobiliaria FINDERS_MEXICO - Inmuebles
846  Distrito Federal                        ...                           Inmobiliaria LICMARTHASBARANDALICMAR - Inmuebles
845  Distrito Federal                        ...                                  Inmobiliaria MAASINMOBILIARIA - Inmuebles
844  Distrito Federal                        ...                                   Inmobiliaria MANHATTAN GROUP - Inmuebles
843  Distrito Federal                        ...                           Inmobiliaria LICMARTHASBARANDALICMAR - Inmuebles
849  Distrito Federal                        ...                                   Inmobiliaria MANHATTAN GROUP - Inmuebles
842  Distrito Federal                        ...                                      Inmobiliaria LIAISON INMO - Inmuebles
858  Distrito Federal                        ...                           Inmobiliaria LICMARTHASBARANDALICMAR - Inmuebles
860  Distrito Federal                        ...                           Inmobiliaria LICMARTHASBARANDALICMAR - Inmuebles
874  Distrito Federal                        ...                                        Inmobiliaria GUMA883458 - Inmuebles
873  Distrito Federal                        ...                                       Inmobiliaria JOJO7068003 - Inmuebles
872  Distrito Federal                        ...                                                                           
871  Distrito Federal                        ...                                                                           
870  Distrito Federal                        ...                                 Inmobiliaria EDUARDORIVASMATOS - Inmuebles
869  Distrito Federal                        ...                                                                           
859  Distrito Federal                        ...                                                                           
868  Distrito Federal                        ...                                Inmobiliaria BRIDGEPOINT MEXICO - Inmuebles
866  Distrito Federal                        ...                           Inmobiliaria LICMARTHASBARANDALICMAR - Inmuebles
865  Distrito Federal                        ...                                                                           
864  Distrito Federal                        ...                                    Inmobiliaria OFICINAREMAXSI - Inmuebles
..                ...                        ...                                                                        ...
889  Distrito Federal                        ...                                       Inmobiliaria JOJO7068003 - Inmuebles
888  Distrito Federal                        ...                                                                           
887  Distrito Federal                        ...                                                                           
913  Distrito Federal                        ...                                                                           
885  Distrito Federal                        ...                                                                           
884  Distrito Federal                        ...                                         Inmobiliaria EVA CASSO - Inmuebles
883  Distrito Federal                        ...                                         Inmobiliaria PEJO76574 - Inmuebles
882  Distrito Federal                        ...                                                                           
881  Distrito Federal                        ...                             Inmobiliaria MARTINEZVARGASMARYPAZ - Inmuebles
880  Distrito Federal                        ...                                         Inmobiliaria PEJO76574 - Inmuebles
879  Distrito Federal                        ...                           Inmobiliaria LICMARTHASBARANDALICMAR - Inmuebles
894  Distrito Federal                        ...                                          Inmobiliaria ADKWORLD - Inmuebles
895  Distrito Federal                        ...                                                                           
886  Distrito Federal                        ...                                    Inmobiliaria SARA GOLDHABER - Inmuebles
897  Distrito Federal                        ...                               Inmobiliaria INMOBILIARIA TOKANI - Inmuebles
896  Distrito Federal                        ...                                         Inmobiliaria EVA CASSO - Inmuebles
911  Distrito Federal                        ...                                    Inmobiliaria OFICINAREMAXSI - Inmuebles
910  Distrito Federal                        ...                                    Inmobiliaria OFICINAREMAXSI - Inmuebles
909  Distrito Federal                        ...                                    Inmobiliaria OFICINAREMAXSI - Inmuebles
907  Distrito Federal                        ...                                           Inmobiliaria DOMHAUS - Inmuebles
906  Distrito Federal                        ...                                    Inmobiliaria OFICINAREMAXSI - Inmuebles
905  Distrito Federal                        ...                                                                           
908  Distrito Federal                        ...                                Inmobiliaria ZONA04INMOBILIARIA - Inmuebles
903  Distrito Federal                        ...                                          Inmobiliaria ADKWORLD - Inmuebles
902  Distrito Federal                        ...                                          Inmobiliaria ADKWORLD - Inmuebles
901  Distrito Federal                        ...                                          Inmobiliaria ADKWORLD - Inmuebles
900  Distrito Federal                        ...                                          Inmobiliaria ADKWORLD - Inmuebles
899  Distrito Federal                        ...                                                                           
898  Distrito Federal                        ...                                          Inmobiliaria ADKWORLD - Inmuebles
904  Distrito Federal                        ...                                          Inmobiliaria ADKWORLD - Inmuebles

[143 rows x 8 columns]
2018-12-11 12:27:14,669 - resources.Blero.helpers - DEBUG -                 state                        ...                                                                     seller
949  Distrito Federal                        ...                           Inmobiliaria LCHOMEREALESTATELCHOMER - Inmuebles
856  Distrito Federal                        ...                           Inmobiliaria LCHOMEREALESTATELCHOMER - Inmuebles
855  Distrito Federal                        ...                                          Inmobiliaria GUIZARMX - Inmuebles
854  Distrito Federal                        ...                                                                           
853  Distrito Federal                        ...                                                                           
852  Distrito Federal                        ...                                    Inmobiliaria OFICINAREMAXSI - Inmuebles
851  Distrito Federal                        ...                          Inmobiliaria CAMACHOBIENESRAICESSADECV - Inmue...
857  Distrito Federal                        ...                                                                           
850  Distrito Federal                        ...                                         Inmobiliaria CARLOS-LP - Inmuebles
848  Distrito Federal                        ...                                                                           
847  Distrito Federal                        ...                                    Inmobiliaria FINDERS_MEXICO - Inmuebles
846  Distrito Federal                        ...                           Inmobiliaria LICMARTHASBARANDALICMAR - Inmuebles
845  Distrito Federal                        ...                                  Inmobiliaria MAASINMOBILIARIA - Inmuebles
844  Distrito Federal                        ...                                   Inmobiliaria MANHATTAN GROUP - Inmuebles
843  Distrito Federal                        ...                           Inmobiliaria LICMARTHASBARANDALICMAR - Inmuebles
849  Distrito Federal                        ...                                   Inmobiliaria MANHATTAN GROUP - Inmuebles
842  Distrito Federal                        ...                                      Inmobiliaria LIAISON INMO - Inmuebles
858  Distrito Federal                        ...                           Inmobiliaria LICMARTHASBARANDALICMAR - Inmuebles
860  Distrito Federal                        ...                           Inmobiliaria LICMARTHASBARANDALICMAR - Inmuebles
874  Distrito Federal                        ...                                        Inmobiliaria GUMA883458 - Inmuebles
873  Distrito Federal                        ...                                       Inmobiliaria JOJO7068003 - Inmuebles
872  Distrito Federal                        ...                                                                           
871  Distrito Federal                        ...                                                                           
870  Distrito Federal                        ...                                 Inmobiliaria EDUARDORIVASMATOS - Inmuebles
869  Distrito Federal                        ...                                                                           
859  Distrito Federal                        ...                                                                           
868  Distrito Federal                        ...                                Inmobiliaria BRIDGEPOINT MEXICO - Inmuebles
866  Distrito Federal                        ...                           Inmobiliaria LICMARTHASBARANDALICMAR - Inmuebles
865  Distrito Federal                        ...                                                                           
864  Distrito Federal                        ...                                    Inmobiliaria OFICINAREMAXSI - Inmuebles
..                ...                        ...                                                                        ...
889  Distrito Federal                        ...                                       Inmobiliaria JOJO7068003 - Inmuebles
888  Distrito Federal                        ...                                                                           
887  Distrito Federal                        ...                                                                           
913  Distrito Federal                        ...                                                                           
885  Distrito Federal                        ...                                                                           
884  Distrito Federal                        ...                                         Inmobiliaria EVA CASSO - Inmuebles
883  Distrito Federal                        ...                                         Inmobiliaria PEJO76574 - Inmuebles
882  Distrito Federal                        ...                                                                           
881  Distrito Federal                        ...                             Inmobiliaria MARTINEZVARGASMARYPAZ - Inmuebles
880  Distrito Federal                        ...                                         Inmobiliaria PEJO76574 - Inmuebles
879  Distrito Federal                        ...                           Inmobiliaria LICMARTHASBARANDALICMAR - Inmuebles
894  Distrito Federal                        ...                                          Inmobiliaria ADKWORLD - Inmuebles
895  Distrito Federal                        ...                                                                           
886  Distrito Federal                        ...                                    Inmobiliaria SARA GOLDHABER - Inmuebles
897  Distrito Federal                        ...                               Inmobiliaria INMOBILIARIA TOKANI - Inmuebles
896  Distrito Federal                        ...                                         Inmobiliaria EVA CASSO - Inmuebles
911  Distrito Federal                        ...                                    Inmobiliaria OFICINAREMAXSI - Inmuebles
910  Distrito Federal                        ...                                    Inmobiliaria OFICINAREMAXSI - Inmuebles
909  Distrito Federal                        ...                                    Inmobiliaria OFICINAREMAXSI - Inmuebles
907  Distrito Federal                        ...                                           Inmobiliaria DOMHAUS - Inmuebles
906  Distrito Federal                        ...                                    Inmobiliaria OFICINAREMAXSI - Inmuebles
905  Distrito Federal                        ...                                                                           
908  Distrito Federal                        ...                                Inmobiliaria ZONA04INMOBILIARIA - Inmuebles
903  Distrito Federal                        ...                                          Inmobiliaria ADKWORLD - Inmuebles
902  Distrito Federal                        ...                                          Inmobiliaria ADKWORLD - Inmuebles
901  Distrito Federal                        ...                                          Inmobiliaria ADKWORLD - Inmuebles
900  Distrito Federal                        ...                                          Inmobiliaria ADKWORLD - Inmuebles
899  Distrito Federal                        ...                                                                           
898  Distrito Federal                        ...                                          Inmobiliaria ADKWORLD - Inmuebles
904  Distrito Federal                        ...                                          Inmobiliaria ADKWORLD - Inmuebles

[143 rows x 8 columns]
2018-12-11 12:27:14,669 - resources.Blero.helpers - DEBUG -                 state                        ...                                                                     seller
949  Distrito Federal                        ...                           Inmobiliaria LCHOMEREALESTATELCHOMER - Inmuebles
856  Distrito Federal                        ...                           Inmobiliaria LCHOMEREALESTATELCHOMER - Inmuebles
855  Distrito Federal                        ...                                          Inmobiliaria GUIZARMX - Inmuebles
854  Distrito Federal                        ...                                                                           
853  Distrito Federal                        ...                                                                           
852  Distrito Federal                        ...                                    Inmobiliaria OFICINAREMAXSI - Inmuebles
851  Distrito Federal                        ...                          Inmobiliaria CAMACHOBIENESRAICESSADECV - Inmue...
857  Distrito Federal                        ...                                                                           
850  Distrito Federal                        ...                                         Inmobiliaria CARLOS-LP - Inmuebles
848  Distrito Federal                        ...                                                                           
847  Distrito Federal                        ...                                    Inmobiliaria FINDERS_MEXICO - Inmuebles
846  Distrito Federal                        ...                           Inmobiliaria LICMARTHASBARANDALICMAR - Inmuebles
845  Distrito Federal                        ...                                  Inmobiliaria MAASINMOBILIARIA - Inmuebles
844  Distrito Federal                        ...                                   Inmobiliaria MANHATTAN GROUP - Inmuebles
843  Distrito Federal                        ...                           Inmobiliaria LICMARTHASBARANDALICMAR - Inmuebles
849  Distrito Federal                        ...                                   Inmobiliaria MANHATTAN GROUP - Inmuebles
842  Distrito Federal                        ...                                      Inmobiliaria LIAISON INMO - Inmuebles
858  Distrito Federal                        ...                           Inmobiliaria LICMARTHASBARANDALICMAR - Inmuebles
860  Distrito Federal                        ...                           Inmobiliaria LICMARTHASBARANDALICMAR - Inmuebles
874  Distrito Federal                        ...                                        Inmobiliaria GUMA883458 - Inmuebles
873  Distrito Federal                        ...                                       Inmobiliaria JOJO7068003 - Inmuebles
872  Distrito Federal                        ...                                                                           
871  Distrito Federal                        ...                                                                           
870  Distrito Federal                        ...                                 Inmobiliaria EDUARDORIVASMATOS - Inmuebles
869  Distrito Federal                        ...                                                                           
859  Distrito Federal                        ...                                                                           
868  Distrito Federal                        ...                                Inmobiliaria BRIDGEPOINT MEXICO - Inmuebles
866  Distrito Federal                        ...                           Inmobiliaria LICMARTHASBARANDALICMAR - Inmuebles
865  Distrito Federal                        ...                                                                           
864  Distrito Federal                        ...                                    Inmobiliaria OFICINAREMAXSI - Inmuebles
..                ...                        ...                                                                        ...
889  Distrito Federal                        ...                                       Inmobiliaria JOJO7068003 - Inmuebles
888  Distrito Federal                        ...                                                                           
887  Distrito Federal                        ...                                                                           
913  Distrito Federal                        ...                                                                           
885  Distrito Federal                        ...                                                                           
884  Distrito Federal                        ...                                         Inmobiliaria EVA CASSO - Inmuebles
883  Distrito Federal                        ...                                         Inmobiliaria PEJO76574 - Inmuebles
882  Distrito Federal                        ...                                                                           
881  Distrito Federal                        ...                             Inmobiliaria MARTINEZVARGASMARYPAZ - Inmuebles
880  Distrito Federal                        ...                                         Inmobiliaria PEJO76574 - Inmuebles
879  Distrito Federal                        ...                           Inmobiliaria LICMARTHASBARANDALICMAR - Inmuebles
894  Distrito Federal                        ...                                          Inmobiliaria ADKWORLD - Inmuebles
895  Distrito Federal                        ...                                                                           
886  Distrito Federal                        ...                                    Inmobiliaria SARA GOLDHABER - Inmuebles
897  Distrito Federal                        ...                               Inmobiliaria INMOBILIARIA TOKANI - Inmuebles
896  Distrito Federal                        ...                                         Inmobiliaria EVA CASSO - Inmuebles
911  Distrito Federal                        ...                                    Inmobiliaria OFICINAREMAXSI - Inmuebles
910  Distrito Federal                        ...                                    Inmobiliaria OFICINAREMAXSI - Inmuebles
909  Distrito Federal                        ...                                    Inmobiliaria OFICINAREMAXSI - Inmuebles
907  Distrito Federal                        ...                                           Inmobiliaria DOMHAUS - Inmuebles
906  Distrito Federal                        ...                                    Inmobiliaria OFICINAREMAXSI - Inmuebles
905  Distrito Federal                        ...                                                                           
908  Distrito Federal                        ...                                Inmobiliaria ZONA04INMOBILIARIA - Inmuebles
903  Distrito Federal                        ...                                          Inmobiliaria ADKWORLD - Inmuebles
902  Distrito Federal                        ...                                          Inmobiliaria ADKWORLD - Inmuebles
901  Distrito Federal                        ...                                          Inmobiliaria ADKWORLD - Inmuebles
900  Distrito Federal                        ...                                          Inmobiliaria ADKWORLD - Inmuebles
899  Distrito Federal                        ...                                                                           
898  Distrito Federal                        ...                                          Inmobiliaria ADKWORLD - Inmuebles
904  Distrito Federal                        ...                                          Inmobiliaria ADKWORLD - Inmuebles

[143 rows x 8 columns]
2018-12-11 12:27:18,599 - resources.Blero.helpers - DEBUG -                 state                        ...                                                                     seller
949  Distrito Federal                        ...                           Inmobiliaria LCHOMEREALESTATELCHOMER - Inmuebles
856  Distrito Federal                        ...                           Inmobiliaria LCHOMEREALESTATELCHOMER - Inmuebles
855  Distrito Federal                        ...                                          Inmobiliaria GUIZARMX - Inmuebles
854  Distrito Federal                        ...                                                                           
853  Distrito Federal                        ...                                                                           
852  Distrito Federal                        ...                                    Inmobiliaria OFICINAREMAXSI - Inmuebles
851  Distrito Federal                        ...                          Inmobiliaria CAMACHOBIENESRAICESSADECV - Inmue...
857  Distrito Federal                        ...                                                                           
850  Distrito Federal                        ...                                         Inmobiliaria CARLOS-LP - Inmuebles
848  Distrito Federal                        ...                                                                           
847  Distrito Federal                        ...                                    Inmobiliaria FINDERS_MEXICO - Inmuebles
846  Distrito Federal                        ...                           Inmobiliaria LICMARTHASBARANDALICMAR - Inmuebles
845  Distrito Federal                        ...                                  Inmobiliaria MAASINMOBILIARIA - Inmuebles
844  Distrito Federal                        ...                                   Inmobiliaria MANHATTAN GROUP - Inmuebles
843  Distrito Federal                        ...                           Inmobiliaria LICMARTHASBARANDALICMAR - Inmuebles
849  Distrito Federal                        ...                                   Inmobiliaria MANHATTAN GROUP - Inmuebles
842  Distrito Federal                        ...                                      Inmobiliaria LIAISON INMO - Inmuebles
858  Distrito Federal                        ...                           Inmobiliaria LICMARTHASBARANDALICMAR - Inmuebles
860  Distrito Federal                        ...                           Inmobiliaria LICMARTHASBARANDALICMAR - Inmuebles
874  Distrito Federal                        ...                                        Inmobiliaria GUMA883458 - Inmuebles
873  Distrito Federal                        ...                                       Inmobiliaria JOJO7068003 - Inmuebles
872  Distrito Federal                        ...                                                                           
871  Distrito Federal                        ...                                                                           
870  Distrito Federal                        ...                                 Inmobiliaria EDUARDORIVASMATOS - Inmuebles
869  Distrito Federal                        ...                                                                           
859  Distrito Federal                        ...                                                                           
868  Distrito Federal                        ...                                Inmobiliaria BRIDGEPOINT MEXICO - Inmuebles
866  Distrito Federal                        ...                           Inmobiliaria LICMARTHASBARANDALICMAR - Inmuebles
865  Distrito Federal                        ...                                                                           
864  Distrito Federal                        ...                                    Inmobiliaria OFICINAREMAXSI - Inmuebles
..                ...                        ...                                                                        ...
889  Distrito Federal                        ...                                       Inmobiliaria JOJO7068003 - Inmuebles
888  Distrito Federal                        ...                                                                           
887  Distrito Federal                        ...                                                                           
913  Distrito Federal                        ...                                                                           
885  Distrito Federal                        ...                                                                           
884  Distrito Federal                        ...                                         Inmobiliaria EVA CASSO - Inmuebles
883  Distrito Federal                        ...                                         Inmobiliaria PEJO76574 - Inmuebles
882  Distrito Federal                        ...                                                                           
881  Distrito Federal                        ...                             Inmobiliaria MARTINEZVARGASMARYPAZ - Inmuebles
880  Distrito Federal                        ...                                         Inmobiliaria PEJO76574 - Inmuebles
879  Distrito Federal                        ...                           Inmobiliaria LICMARTHASBARANDALICMAR - Inmuebles
894  Distrito Federal                        ...                                          Inmobiliaria ADKWORLD - Inmuebles
895  Distrito Federal                        ...                                                                           
886  Distrito Federal                        ...                                    Inmobiliaria SARA GOLDHABER - Inmuebles
897  Distrito Federal                        ...                               Inmobiliaria INMOBILIARIA TOKANI - Inmuebles
896  Distrito Federal                        ...                                         Inmobiliaria EVA CASSO - Inmuebles
911  Distrito Federal                        ...                                    Inmobiliaria OFICINAREMAXSI - Inmuebles
910  Distrito Federal                        ...                                    Inmobiliaria OFICINAREMAXSI - Inmuebles
909  Distrito Federal                        ...                                    Inmobiliaria OFICINAREMAXSI - Inmuebles
907  Distrito Federal                        ...                                           Inmobiliaria DOMHAUS - Inmuebles
906  Distrito Federal                        ...                                    Inmobiliaria OFICINAREMAXSI - Inmuebles
905  Distrito Federal                        ...                                                                           
908  Distrito Federal                        ...                                Inmobiliaria ZONA04INMOBILIARIA - Inmuebles
903  Distrito Federal                        ...                                          Inmobiliaria ADKWORLD - Inmuebles
902  Distrito Federal                        ...                                          Inmobiliaria ADKWORLD - Inmuebles
901  Distrito Federal                        ...                                          Inmobiliaria ADKWORLD - Inmuebles
900  Distrito Federal                        ...                                          Inmobiliaria ADKWORLD - Inmuebles
899  Distrito Federal                        ...                                                                           
898  Distrito Federal                        ...                                          Inmobiliaria ADKWORLD - Inmuebles
904  Distrito Federal                        ...                                          Inmobiliaria ADKWORLD - Inmuebles

[143 rows x 8 columns]
2018-12-11 12:27:18,599 - resources.Blero.helpers - DEBUG -                 state                        ...                                                                     seller
949  Distrito Federal                        ...                           Inmobiliaria LCHOMEREALESTATELCHOMER - Inmuebles
856  Distrito Federal                        ...                           Inmobiliaria LCHOMEREALESTATELCHOMER - Inmuebles
855  Distrito Federal                        ...                                          Inmobiliaria GUIZARMX - Inmuebles
854  Distrito Federal                        ...                                                                           
853  Distrito Federal                        ...                                                                           
852  Distrito Federal                        ...                                    Inmobiliaria OFICINAREMAXSI - Inmuebles
851  Distrito Federal                        ...                          Inmobiliaria CAMACHOBIENESRAICESSADECV - Inmue...
857  Distrito Federal                        ...                                                                           
850  Distrito Federal                        ...                                         Inmobiliaria CARLOS-LP - Inmuebles
848  Distrito Federal                        ...                                                                           
847  Distrito Federal                        ...                                    Inmobiliaria FINDERS_MEXICO - Inmuebles
846  Distrito Federal                        ...                           Inmobiliaria LICMARTHASBARANDALICMAR - Inmuebles
845  Distrito Federal                        ...                                  Inmobiliaria MAASINMOBILIARIA - Inmuebles
844  Distrito Federal                        ...                                   Inmobiliaria MANHATTAN GROUP - Inmuebles
843  Distrito Federal                        ...                           Inmobiliaria LICMARTHASBARANDALICMAR - Inmuebles
849  Distrito Federal                        ...                                   Inmobiliaria MANHATTAN GROUP - Inmuebles
842  Distrito Federal                        ...                                      Inmobiliaria LIAISON INMO - Inmuebles
858  Distrito Federal                        ...                           Inmobiliaria LICMARTHASBARANDALICMAR - Inmuebles
860  Distrito Federal                        ...                           Inmobiliaria LICMARTHASBARANDALICMAR - Inmuebles
874  Distrito Federal                        ...                                        Inmobiliaria GUMA883458 - Inmuebles
873  Distrito Federal                        ...                                       Inmobiliaria JOJO7068003 - Inmuebles
872  Distrito Federal                        ...                                                                           
871  Distrito Federal                        ...                                                                           
870  Distrito Federal                        ...                                 Inmobiliaria EDUARDORIVASMATOS - Inmuebles
869  Distrito Federal                        ...                                                                           
859  Distrito Federal                        ...                                                                           
868  Distrito Federal                        ...                                Inmobiliaria BRIDGEPOINT MEXICO - Inmuebles
866  Distrito Federal                        ...                           Inmobiliaria LICMARTHASBARANDALICMAR - Inmuebles
865  Distrito Federal                        ...                                                                           
864  Distrito Federal                        ...                                    Inmobiliaria OFICINAREMAXSI - Inmuebles
..                ...                        ...                                                                        ...
889  Distrito Federal                        ...                                       Inmobiliaria JOJO7068003 - Inmuebles
888  Distrito Federal                        ...                                                                           
887  Distrito Federal                        ...                                                                           
913  Distrito Federal                        ...                                                                           
885  Distrito Federal                        ...                                                                           
884  Distrito Federal                        ...                                         Inmobiliaria EVA CASSO - Inmuebles
883  Distrito Federal                        ...                                         Inmobiliaria PEJO76574 - Inmuebles
882  Distrito Federal                        ...                                                                           
881  Distrito Federal                        ...                             Inmobiliaria MARTINEZVARGASMARYPAZ - Inmuebles
880  Distrito Federal                        ...                                         Inmobiliaria PEJO76574 - Inmuebles
879  Distrito Federal                        ...                           Inmobiliaria LICMARTHASBARANDALICMAR - Inmuebles
894  Distrito Federal                        ...                                          Inmobiliaria ADKWORLD - Inmuebles
895  Distrito Federal                        ...                                                                           
886  Distrito Federal                        ...                                    Inmobiliaria SARA GOLDHABER - Inmuebles
897  Distrito Federal                        ...                               Inmobiliaria INMOBILIARIA TOKANI - Inmuebles
896  Distrito Federal                        ...                                         Inmobiliaria EVA CASSO - Inmuebles
911  Distrito Federal                        ...                                    Inmobiliaria OFICINAREMAXSI - Inmuebles
910  Distrito Federal                        ...                                    Inmobiliaria OFICINAREMAXSI - Inmuebles
909  Distrito Federal                        ...                                    Inmobiliaria OFICINAREMAXSI - Inmuebles
907  Distrito Federal                        ...                                           Inmobiliaria DOMHAUS - Inmuebles
906  Distrito Federal                        ...                                    Inmobiliaria OFICINAREMAXSI - Inmuebles
905  Distrito Federal                        ...                                                                           
908  Distrito Federal                        ...                                Inmobiliaria ZONA04INMOBILIARIA - Inmuebles
903  Distrito Federal                        ...                                          Inmobiliaria ADKWORLD - Inmuebles
902  Distrito Federal                        ...                                          Inmobiliaria ADKWORLD - Inmuebles
901  Distrito Federal                        ...                                          Inmobiliaria ADKWORLD - Inmuebles
900  Distrito Federal                        ...                                          Inmobiliaria ADKWORLD - Inmuebles
899  Distrito Federal                        ...                                                                           
898  Distrito Federal                        ...                                          Inmobiliaria ADKWORLD - Inmuebles
904  Distrito Federal                        ...                                          Inmobiliaria ADKWORLD - Inmuebles

[143 rows x 8 columns]
2018-12-11 12:27:18,599 - resources.Blero.helpers - DEBUG -                 state                        ...                                                                     seller
949  Distrito Federal                        ...                           Inmobiliaria LCHOMEREALESTATELCHOMER - Inmuebles
856  Distrito Federal                        ...                           Inmobiliaria LCHOMEREALESTATELCHOMER - Inmuebles
855  Distrito Federal                        ...                                          Inmobiliaria GUIZARMX - Inmuebles
854  Distrito Federal                        ...                                                                           
853  Distrito Federal                        ...                                                                           
852  Distrito Federal                        ...                                    Inmobiliaria OFICINAREMAXSI - Inmuebles
851  Distrito Federal                        ...                          Inmobiliaria CAMACHOBIENESRAICESSADECV - Inmue...
857  Distrito Federal                        ...                                                                           
850  Distrito Federal                        ...                                         Inmobiliaria CARLOS-LP - Inmuebles
848  Distrito Federal                        ...                                                                           
847  Distrito Federal                        ...                                    Inmobiliaria FINDERS_MEXICO - Inmuebles
846  Distrito Federal                        ...                           Inmobiliaria LICMARTHASBARANDALICMAR - Inmuebles
845  Distrito Federal                        ...                                  Inmobiliaria MAASINMOBILIARIA - Inmuebles
844  Distrito Federal                        ...                                   Inmobiliaria MANHATTAN GROUP - Inmuebles
843  Distrito Federal                        ...                           Inmobiliaria LICMARTHASBARANDALICMAR - Inmuebles
849  Distrito Federal                        ...                                   Inmobiliaria MANHATTAN GROUP - Inmuebles
842  Distrito Federal                        ...                                      Inmobiliaria LIAISON INMO - Inmuebles
858  Distrito Federal                        ...                           Inmobiliaria LICMARTHASBARANDALICMAR - Inmuebles
860  Distrito Federal                        ...                           Inmobiliaria LICMARTHASBARANDALICMAR - Inmuebles
874  Distrito Federal                        ...                                        Inmobiliaria GUMA883458 - Inmuebles
873  Distrito Federal                        ...                                       Inmobiliaria JOJO7068003 - Inmuebles
872  Distrito Federal                        ...                                                                           
871  Distrito Federal                        ...                                                                           
870  Distrito Federal                        ...                                 Inmobiliaria EDUARDORIVASMATOS - Inmuebles
869  Distrito Federal                        ...                                                                           
859  Distrito Federal                        ...                                                                           
868  Distrito Federal                        ...                                Inmobiliaria BRIDGEPOINT MEXICO - Inmuebles
866  Distrito Federal                        ...                           Inmobiliaria LICMARTHASBARANDALICMAR - Inmuebles
865  Distrito Federal                        ...                                                                           
864  Distrito Federal                        ...                                    Inmobiliaria OFICINAREMAXSI - Inmuebles
..                ...                        ...                                                                        ...
889  Distrito Federal                        ...                                       Inmobiliaria JOJO7068003 - Inmuebles
888  Distrito Federal                        ...                                                                           
887  Distrito Federal                        ...                                                                           
913  Distrito Federal                        ...                                                                           
885  Distrito Federal                        ...                                                                           
884  Distrito Federal                        ...                                         Inmobiliaria EVA CASSO - Inmuebles
883  Distrito Federal                        ...                                         Inmobiliaria PEJO76574 - Inmuebles
882  Distrito Federal                        ...                                                                           
881  Distrito Federal                        ...                             Inmobiliaria MARTINEZVARGASMARYPAZ - Inmuebles
880  Distrito Federal                        ...                                         Inmobiliaria PEJO76574 - Inmuebles
879  Distrito Federal                        ...                           Inmobiliaria LICMARTHASBARANDALICMAR - Inmuebles
894  Distrito Federal                        ...                                          Inmobiliaria ADKWORLD - Inmuebles
895  Distrito Federal                        ...                                                                           
886  Distrito Federal                        ...                                    Inmobiliaria SARA GOLDHABER - Inmuebles
897  Distrito Federal                        ...                               Inmobiliaria INMOBILIARIA TOKANI - Inmuebles
896  Distrito Federal                        ...                                         Inmobiliaria EVA CASSO - Inmuebles
911  Distrito Federal                        ...                                    Inmobiliaria OFICINAREMAXSI - Inmuebles
910  Distrito Federal                        ...                                    Inmobiliaria OFICINAREMAXSI - Inmuebles
909  Distrito Federal                        ...                                    Inmobiliaria OFICINAREMAXSI - Inmuebles
907  Distrito Federal                        ...                                           Inmobiliaria DOMHAUS - Inmuebles
906  Distrito Federal                        ...                                    Inmobiliaria OFICINAREMAXSI - Inmuebles
905  Distrito Federal                        ...                                                                           
908  Distrito Federal                        ...                                Inmobiliaria ZONA04INMOBILIARIA - Inmuebles
903  Distrito Federal                        ...                                          Inmobiliaria ADKWORLD - Inmuebles
902  Distrito Federal                        ...                                          Inmobiliaria ADKWORLD - Inmuebles
901  Distrito Federal                        ...                                          Inmobiliaria ADKWORLD - Inmuebles
900  Distrito Federal                        ...                                          Inmobiliaria ADKWORLD - Inmuebles
899  Distrito Federal                        ...                                                                           
898  Distrito Federal                        ...                                          Inmobiliaria ADKWORLD - Inmuebles
904  Distrito Federal                        ...                                          Inmobiliaria ADKWORLD - Inmuebles

[143 rows x 8 columns]
2018-12-11 12:27:18,599 - resources.Blero.helpers - DEBUG -                 state                        ...                                                                     seller
949  Distrito Federal                        ...                           Inmobiliaria LCHOMEREALESTATELCHOMER - Inmuebles
856  Distrito Federal                        ...                           Inmobiliaria LCHOMEREALESTATELCHOMER - Inmuebles
855  Distrito Federal                        ...                                          Inmobiliaria GUIZARMX - Inmuebles
854  Distrito Federal                        ...                                                                           
853  Distrito Federal                        ...                                                                           
852  Distrito Federal                        ...                                    Inmobiliaria OFICINAREMAXSI - Inmuebles
851  Distrito Federal                        ...                          Inmobiliaria CAMACHOBIENESRAICESSADECV - Inmue...
857  Distrito Federal                        ...                                                                           
850  Distrito Federal                        ...                                         Inmobiliaria CARLOS-LP - Inmuebles
848  Distrito Federal                        ...                                                                           
847  Distrito Federal                        ...                                    Inmobiliaria FINDERS_MEXICO - Inmuebles
846  Distrito Federal                        ...                           Inmobiliaria LICMARTHASBARANDALICMAR - Inmuebles
845  Distrito Federal                        ...                                  Inmobiliaria MAASINMOBILIARIA - Inmuebles
844  Distrito Federal                        ...                                   Inmobiliaria MANHATTAN GROUP - Inmuebles
843  Distrito Federal                        ...                           Inmobiliaria LICMARTHASBARANDALICMAR - Inmuebles
849  Distrito Federal                        ...                                   Inmobiliaria MANHATTAN GROUP - Inmuebles
842  Distrito Federal                        ...                                      Inmobiliaria LIAISON INMO - Inmuebles
858  Distrito Federal                        ...                           Inmobiliaria LICMARTHASBARANDALICMAR - Inmuebles
860  Distrito Federal                        ...                           Inmobiliaria LICMARTHASBARANDALICMAR - Inmuebles
874  Distrito Federal                        ...                                        Inmobiliaria GUMA883458 - Inmuebles
873  Distrito Federal                        ...                                       Inmobiliaria JOJO7068003 - Inmuebles
872  Distrito Federal                        ...                                                                           
871  Distrito Federal                        ...                                                                           
870  Distrito Federal                        ...                                 Inmobiliaria EDUARDORIVASMATOS - Inmuebles
869  Distrito Federal                        ...                                                                           
859  Distrito Federal                        ...                                                                           
868  Distrito Federal                        ...                                Inmobiliaria BRIDGEPOINT MEXICO - Inmuebles
866  Distrito Federal                        ...                           Inmobiliaria LICMARTHASBARANDALICMAR - Inmuebles
865  Distrito Federal                        ...                                                                           
864  Distrito Federal                        ...                                    Inmobiliaria OFICINAREMAXSI - Inmuebles
..                ...                        ...                                                                        ...
889  Distrito Federal                        ...                                       Inmobiliaria JOJO7068003 - Inmuebles
888  Distrito Federal                        ...                                                                           
887  Distrito Federal                        ...                                                                           
913  Distrito Federal                        ...                                                                           
885  Distrito Federal                        ...                                                                           
884  Distrito Federal                        ...                                         Inmobiliaria EVA CASSO - Inmuebles
883  Distrito Federal                        ...                                         Inmobiliaria PEJO76574 - Inmuebles
882  Distrito Federal                        ...                                                                           
881  Distrito Federal                        ...                             Inmobiliaria MARTINEZVARGASMARYPAZ - Inmuebles
880  Distrito Federal                        ...                                         Inmobiliaria PEJO76574 - Inmuebles
879  Distrito Federal                        ...                           Inmobiliaria LICMARTHASBARANDALICMAR - Inmuebles
894  Distrito Federal                        ...                                          Inmobiliaria ADKWORLD - Inmuebles
895  Distrito Federal                        ...                                                                           
886  Distrito Federal                        ...                                    Inmobiliaria SARA GOLDHABER - Inmuebles
897  Distrito Federal                        ...                               Inmobiliaria INMOBILIARIA TOKANI - Inmuebles
896  Distrito Federal                        ...                                         Inmobiliaria EVA CASSO - Inmuebles
911  Distrito Federal                        ...                                    Inmobiliaria OFICINAREMAXSI - Inmuebles
910  Distrito Federal                        ...                                    Inmobiliaria OFICINAREMAXSI - Inmuebles
909  Distrito Federal                        ...                                    Inmobiliaria OFICINAREMAXSI - Inmuebles
907  Distrito Federal                        ...                                           Inmobiliaria DOMHAUS - Inmuebles
906  Distrito Federal                        ...                                    Inmobiliaria OFICINAREMAXSI - Inmuebles
905  Distrito Federal                        ...                                                                           
908  Distrito Federal                        ...                                Inmobiliaria ZONA04INMOBILIARIA - Inmuebles
903  Distrito Federal                        ...                                          Inmobiliaria ADKWORLD - Inmuebles
902  Distrito Federal                        ...                                          Inmobiliaria ADKWORLD - Inmuebles
901  Distrito Federal                        ...                                          Inmobiliaria ADKWORLD - Inmuebles
900  Distrito Federal                        ...                                          Inmobiliaria ADKWORLD - Inmuebles
899  Distrito Federal                        ...                                                                           
898  Distrito Federal                        ...                                          Inmobiliaria ADKWORLD - Inmuebles
904  Distrito Federal                        ...                                          Inmobiliaria ADKWORLD - Inmuebles

[143 rows x 8 columns]
2018-12-11 12:27:37,334 - resources.Blero.helpers - DEBUG - DataTransformed
2018-12-11 12:27:40,851 - resources.Blero.helpers - DEBUG - DataTransformed
2018-12-11 12:27:40,851 - resources.Blero.helpers - DEBUG - DataTransformed
2018-12-11 12:29:15,976 - resources.Blero.helpers - DEBUG - app
2018-12-11 12:29:15,980 - resources.Blero.helpers - DEBUG - DataTransformed
2018-12-11 12:29:19,795 - resources.Blero.helpers - DEBUG - app
2018-12-11 12:29:19,795 - resources.Blero.helpers - DEBUG - app
2018-12-11 12:29:19,798 - resources.Blero.helpers - DEBUG - DataTransformed
2018-12-11 12:29:19,798 - resources.Blero.helpers - DEBUG - DataTransformed
2018-12-11 12:29:48,866 - resources.Blero.helpers - DEBUG - /app
2018-12-11 12:29:48,869 - resources.Blero.helpers - DEBUG - DataTransformed
2018-12-11 12:29:52,781 - resources.Blero.helpers - DEBUG - /app
2018-12-11 12:29:52,781 - resources.Blero.helpers - DEBUG - /app
2018-12-11 12:29:52,784 - resources.Blero.helpers - DEBUG - DataTransformed
2018-12-11 12:29:52,784 - resources.Blero.helpers - DEBUG - DataTransformed
2018-12-11 12:30:51,636 - resources.Blero.helpers - DEBUG - /app/resources/dashboards/metros-cubicos
2018-12-11 12:30:51,639 - resources.Blero.helpers - DEBUG - DataTransformed
2018-12-11 12:30:55,241 - resources.Blero.helpers - DEBUG - /app/resources/dashboards/metros-cubicos
2018-12-11 12:30:55,241 - resources.Blero.helpers - DEBUG - /app/resources/dashboards/metros-cubicos
2018-12-11 12:30:55,244 - resources.Blero.helpers - DEBUG - DataTransformed
2018-12-11 12:30:55,244 - resources.Blero.helpers - DEBUG - DataTransformed
2018-12-11 12:34:54,346 - resources.Blero.helpers - DEBUG - metros-cubicos
2018-12-11 12:34:58,021 - resources.Blero.helpers - DEBUG - metros-cubicos
2018-12-11 12:34:58,021 - resources.Blero.helpers - DEBUG - metros-cubicos
